0 info it worked if it ends with ok
1 verbose cli [ 'D:\\ganxz\\devhome\\nodejs\\node.exe',
1 verbose cli   'D:\\ganxz\\devhome\\nodejs\\node_modules\\npm\\bin\\npm-cli.js',
1 verbose cli   'run',
1 verbose cli   'test' ]
2 info using npm@3.10.8
3 info using node@v6.9.1
4 verbose run-script [ 'pretest', 'test', 'posttest' ]
5 info lifecycle mykarma@1.0.0~pretest: mykarma@1.0.0
6 silly lifecycle mykarma@1.0.0~pretest: no script for pretest, continuing
7 info lifecycle mykarma@1.0.0~test: mykarma@1.0.0
8 verbose lifecycle mykarma@1.0.0~test: unsafe-perm in lifecycle true
9 verbose lifecycle mykarma@1.0.0~test: PATH: D:\ganxz\devhome\nodejs\node_modules\npm\bin\node-gyp-bin;D:\workspace_js\MyKarma\node_modules\.bin;C:\Windows\system32;C:\Windows;C:\Windows\System32\Wbem;C:\Windows\System32\WindowsPowerShell\v1.0\;C:\Program Files (x86)\Intel\OpenCL SDK\2.0\bin\x86;C:\Program Files (x86)\Intel\OpenCL SDK\2.0\bin\x64;D:\Program Files\mysql-5.7.14-winx64\bin;d:\Program Files\Git\cmd;C:\Program Files\Java\jdk1.7.0_71\bin;C:\Program Files\Java\jdk1.7.0_71\jre\bin;D:\Program Files\TortoiseSVN\bin;C:\ProgramData\chocolatey\bin;C:\tools\python2;D:\Program Files\TortoiseGit\bin;D:\Program Files\WinRAR;D:\ganxz\devhome\sdk\platform-tools;C:\Windows\system32\config\systemprofile\.dnx\bin;C:\Program Files\Microsoft DNX\Dnvm\;C:\Program Files\Microsoft SQL Server\130\Tools\Binn\;C:\Program Files (x86)\Windows Kits\10\Windows Performance Toolkit\;D:\ganxz\devhome\nodejs\;D:\ganxz\devhome\SlikSvn\bin;C:\Program Files (x86)\Microsoft SQL Server\100\Tools\Binn\;C:\Program Files\Microsoft SQL Server\100\Tools\Binn\;C:\Program Files\Microsoft SQL Server\100\DTS\Binn\;d:\Program Files (x86)\Microsoft VS Code\bin;C:\Users\Administrator\AppData\Roaming\npm
10 verbose lifecycle mykarma@1.0.0~test: CWD: D:\workspace_js\MyKarma
11 silly lifecycle mykarma@1.0.0~test: Args: [ '/d /s /c',
11 silly lifecycle   'karma start  --single-run  && cat ./coverage/lcov.info | coveralls' ]
12 silly lifecycle mykarma@1.0.0~test: Returned: code: 3221225786  signal: null
13 info lifecycle mykarma@1.0.0~test: Failed to exec test script
14 verbose stack Error: mykarma@1.0.0 test: `karma start  --single-run  && cat ./coverage/lcov.info | coveralls`
14 verbose stack Exit status 3221225786
14 verbose stack     at EventEmitter.<anonymous> (D:\ganxz\devhome\nodejs\node_modules\npm\lib\utils\lifecycle.js:255:16)
14 verbose stack     at emitTwo (events.js:106:13)
14 verbose stack     at EventEmitter.emit (events.js:191:7)
14 verbose stack     at ChildProcess.<anonymous> (D:\ganxz\devhome\nodejs\node_modules\npm\lib\utils\spawn.js:40:14)
14 verbose stack     at emitTwo (events.js:106:13)
14 verbose stack     at ChildProcess.emit (events.js:191:7)
14 verbose stack     at maybeClose (internal/child_process.js:877:16)
14 verbose stack     at Process.ChildProcess._handle.onexit (internal/child_process.js:226:5)
15 verbose pkgid mykarma@1.0.0
16 verbose cwd D:\workspace_js\MyKarma
17 error Windows_NT 6.1.7601
18 error argv "D:\\ganxz\\devhome\\nodejs\\node.exe" "D:\\ganxz\\devhome\\nodejs\\node_modules\\npm\\bin\\npm-cli.js" "run" "test"
19 error node v6.9.1
20 error npm  v3.10.8
21 error code ELIFECYCLE
22 error mykarma@1.0.0 test: `karma start  --single-run  && cat ./coverage/lcov.info | coveralls`
22 error Exit status 3221225786
23 error Failed at the mykarma@1.0.0 test script 'karma start  --single-run  && cat ./coverage/lcov.info | coveralls'.
23 error Make sure you have the latest version of node.js and npm installed.
23 error If you do, this is most likely a problem with the mykarma package,
23 error not with npm itself.
23 error Tell the author that this fails on your system:
23 error     karma start  --single-run  && cat ./coverage/lcov.info | coveralls
23 error You can get information on how to open an issue for this project with:
23 error     npm bugs mykarma
23 error Or if that isn't available, you can get their info via:
23 error     npm owner ls mykarma
23 error There is likely additional logging output above.
24 verbose exit [ 1, true ]
